Removed Pin From Net: NetName=CS-1 Pin=CS-1
Removed Pin From Net: NetName=CS-2 Pin=CS-2
Removed Pin From Net: NetName=CS-3 Pin=CS-3
Removed Pin From Net: NetName=CS-4 Pin=CS-4
Removed Pin From Net: NetName=CS-5 Pin=CS-5
Removed Pin From Net: NetName=CS-6 Pin=CS-6
Removed Pin From Net: NetName=CS-7 Pin=CS-7
Removed Pin From Net: NetName=CS-8 Pin=CS-8
Removed Member From Class: ClassName=CAN_IB_V1 Member=CS
Change Component Designator: OldDesignator=J NewDesignator=SPI
Added Component: Designator=CS_H(DT1308PA)
Add component (AddParameter): Name = "Arrow Part Number"; Value = "DT13-08PA"; VariantName = "[No Variations]"
Add component (AddParameter): Name = "Arrow Price/Stock"; Value = "https://www.arrow.com/en/products/dt13-08pa/te-connectivity"; VariantName = "[No Variations]"
Add component (AddParameter): Name = "Datasheet Link"; Value = "https://www.te.com/commerce/DocumentDelivery/DDEController?Action=showdoc&DocId=Customer+Drawing%7FDT13-08PX%7FC%7Fpdf%7FEnglish%7FENG_CD_DT13-08PX_C.pdf%7FDT13-08PA"; VariantName = "[No Variations]"
Add component (AddParameter): Name = "Geometry.Height"; Value = "35.26mm"; VariantName = "[No Variations]"
Add component (AddParameter): Name = "Manufacturer_Name"; Value = "TE Connectivity"; VariantName = "[No Variations]"
Add component (AddParameter): Name = "Manufacturer_Part_Number"; Value = "DT13-08PA"; VariantName = "[No Variations]"
Add component (AddParameter): Name = "Mouser Part Number"; Value = "571-DT13-08PA"; VariantName = "[No Variations]"
Add component (AddParameter): Name = "Mouser Price/Stock"; Value = "https://www.mouser.co.uk/ProductDetail/TE-Connectivity-DEUTSCH/DT13-08PA?qs=vkMqrgFpRajDHhjEbCDGkQ%3D%3D"; VariantName = "[No Variations]"
Added Pin To Net: NetName=CS-1 Pin=CS_H-1
Added Pin To Net: NetName=CS-2 Pin=CS_H-2
Added Pin To Net: NetName=CS-3 Pin=CS_H-3
Added Pin To Net: NetName=CS-4 Pin=CS_H-4
Added Pin To Net: NetName=CS-5 Pin=CS_H-5
Added Pin To Net: NetName=CS-6 Pin=CS_H-6
Added Pin To Net: NetName=CS-7 Pin=CS_H-7
Added Pin To Net: NetName=CS-8 Pin=CS_H-8
Added Member To Class: ClassName=CAN_IB_V1 Member=Component CS_H DT13-08PA
