Removed Pin From Net: NetName=LVL-Drive Pin=R5-1
Removed Pin From Net: NetName=GND Pin=R5-2
Removed Member From Class: ClassName=CAN_IB_V1 Member=R5
Added Component: Designator=R?(RESC2013X60X40LL20T25_A)
Add component (AddParameter): Name = "Brand"; Value = "Panasonic"; VariantName = "[No Variations]"
Add component (AddParameter): Name = "Case Code - in"; Value = "0805"; VariantName = "[No Variations]"
Add component (AddParameter): Name = "Case Code - mm"; Value = "2012"; VariantName = "[No Variations]"
Add component (AddParameter): Name = "Datasheet URL"; Value = "https://industrial.panasonic.com/cdbs/www-data/pdf/RDM0000/AOA0000C307.pdf"; VariantName = "[No Variations]"
Add component (AddParameter): Name = "Datasheet Version"; Value = "02/2016"; VariantName = "[No Variations]"
Add component (AddParameter): Name = "Factory Pack Quantity"; Value = "5000"; VariantName = "[No Variations]"
Add component (AddParameter): Name = "Height"; Value = "0.5mm"; VariantName = "[No Variations]"
Add component (AddParameter): Name = "Length"; Value = "2mm"; VariantName = "[No Variations]"
Add component (AddParameter): Name = "Manufacturer"; Value = "Panasonic"; VariantName = "[No Variations]"
Add component (AddParameter): Name = "Manufacturer URL"; Value = "http://www.panasonic.com/"; VariantName = "[No Variations]"
Add component (AddParameter): Name = "Mounting Technology"; Value = "SurfaceMount"; VariantName = "[No Variations]"
Add component (AddParameter): Name = "Operating Temperature Range"; Value = "-55Cto+155C"; VariantName = "[No Variations]"
Add component (AddParameter): Name = "Package / Case"; Value = "0805(2012metric)"; VariantName = "[No Variations]"
Add component (AddParameter): Name = "Package Description"; Value = "2-Pin Surface Mount Device, Body 2 x 1.25 mm"; VariantName = "[No Variations]"
Add component (AddParameter): Name = "Package Reference"; Value = "0805"; VariantName = "[No Variations]"
Add component (AddParameter): Name = "Packaging"; Value = "Reel"; VariantName = "[No Variations]"
Add component (AddParameter): Name = "Power Rating"; Value = "125mW(1/8W)"; VariantName = "[No Variations]"
Add component (AddParameter): Name = "Product"; Value = "ThinFilmResistorsSMD"; VariantName = "[No Variations]"
Add component (AddParameter): Name = "Product Category"; Value = "ThinFilmResistors-SMD"; VariantName = "[No Variations]"
Add component (AddParameter): Name = "Resistance"; Value = "10kOhms"; VariantName = "[No Variations]"
Add component (AddParameter): Name = "RoHS"; Value = "Details"; VariantName = "[No Variations]"
Add component (AddParameter): Name = "Series"; Value = "ERA-6A"; VariantName = "[No Variations]"
Add component (AddParameter): Name = "Temperature Coefficient"; Value = "25PPM/C"; VariantName = "[No Variations]"
Add component (AddParameter): Name = "Termination Style"; Value = "SMD/SMT"; VariantName = "[No Variations]"
Add component (AddParameter): Name = "Tolerance"; Value = "0.1%"; VariantName = "[No Variations]"
Add component (AddParameter): Name = "Type"; Value = "MetalFilmChipResistors"; VariantName = "[No Variations]"
Add component (AddParameter): Name = "Voltage Rating"; Value = "100V"; VariantName = "[No Variations]"
Add component (AddParameter): Name = "Width"; Value = "1.25mm"; VariantName = "[No Variations]"
Added Pin To Net: NetName=LVL-Drive Pin=R?-1
Added Pin To Net: NetName=GND Pin=R?-2
Added Member To Class: ClassName=CAN_IB_V1 Member=Component R? ERA-6AEB103V
